The system is: Windows - 6.1.7601 - AMD64
Compiling the C compiler identification source file "CMakeCCompilerId.c" succeeded.
Compiler: e:/programs/vs2019/VC/Tools/MSVC/14.25.28610/bin/HostX64/x64/cl.exe 
Build flags: 
Id flags:  

The output was:
0
用于 x64 的 Microsoft (R) C/C++ 优化编译器 19.25.28614 版
版权所有(C) Microsoft Corporation。保留所有权利。

CMakeCCompilerId.c
Microsoft (R) Incremental Linker Version 14.25.28614.0
Copyright (C) Microsoft Corporation.  All rights reserved.

/out:CMakeCCompilerId.exe 
CMakeCCompilerId.obj 


Compilation of the C compiler identification source "CMakeCCompilerId.c" produced "CMakeCCompilerId.exe"

Compilation of the C compiler identification source "CMakeCCompilerId.c" produced "CMakeCCompilerId.obj"

The C compiler identification is MSVC, found in "E:/opengl/routines/out/build/x64-Debug/CMakeFiles/3.16.19112601-MSVC_2/CompilerIdC/CMakeCCompilerId.exe"

Compiling the CXX compiler identification source file "CMakeCXXCompilerId.cpp" succeeded.
Compiler: e:/programs/vs2019/VC/Tools/MSVC/14.25.28610/bin/HostX64/x64/cl.exe 
Build flags: 
Id flags:  

The output was:
0
用于 x64 的 Microsoft (R) C/C++ 优化编译器 19.25.28614 版
版权所有(C) Microsoft Corporation。保留所有权利。

CMakeCXXCompilerId.cpp
Microsoft (R) Incremental Linker Version 14.25.28614.0
Copyright (C) Microsoft Corporation.  All rights reserved.

/out:CMakeCXXCompilerId.exe 
CMakeCXXCompilerId.obj 


Compilation of the CXX compiler identification source "CMakeCXXCompilerId.cpp" produced "CMakeCXXCompilerId.exe"

Compilation of the CXX compiler identification source "CMakeCXXCompilerId.cpp" produced "CMakeCXXCompilerId.obj"

The CXX compiler identification is MSVC, found in "E:/opengl/routines/out/build/x64-Debug/CMakeFiles/3.16.19112601-MSVC_2/CompilerIdCXX/CMakeCXXCompilerId.exe"

Determining if the C compiler works passed with the following output:
Change Dir: E:/opengl/routines/out/build/x64-Debug/CMakeFiles/CMakeTmp

Run Build Command(s):E:/programs/VS2019/Common7/IDE/CommonExtensions/Microsoft/CMake/Ninja/ninja.exe cmTC_49ad8 && [1/2] Building C object CMakeFiles\cmTC_49ad8.dir\testCCompiler.c.obj
[2/2] Linking C executable cmTC_49ad8.exe



Detecting C compiler ABI info compiled with the following output:
Change Dir: E:/opengl/routines/out/build/x64-Debug/CMakeFiles/CMakeTmp

Run Build Command(s):E:/programs/VS2019/Common7/IDE/CommonExtensions/Microsoft/CMake/Ninja/ninja.exe cmTC_b72b6 && [1/2] Building C object CMakeFiles\cmTC_b72b6.dir\CMakeCCompilerABI.c.obj
[2/2] Linking C executable cmTC_b72b6.exe



Determining if the CXX compiler works passed with the following output:
Change Dir: E:/opengl/routines/out/build/x64-Debug/CMakeFiles/CMakeTmp

Run Build Command(s):E:/programs/VS2019/Common7/IDE/CommonExtensions/Microsoft/CMake/Ninja/ninja.exe cmTC_ccd47 && [1/2] Building CXX object CMakeFiles\cmTC_ccd47.dir\testCXXCompiler.cxx.obj
[2/2] Linking CXX executable cmTC_ccd47.exe



Detecting CXX compiler ABI info compiled with the following output:
Change Dir: E:/opengl/routines/out/build/x64-Debug/CMakeFiles/CMakeTmp

Run Build Command(s):E:/programs/VS2019/Common7/IDE/CommonExtensions/Microsoft/CMake/Ninja/ninja.exe cmTC_e3626 && [1/2] Building CXX object CMakeFiles\cmTC_e3626.dir\CMakeCXXCompilerABI.cpp.obj
[2/2] Linking CXX executable cmTC_e3626.exe



